<?xml version="1.0" encoding="UTF-8"?>
<!-- Generated by org.testng.reporters.JUnitReportReporter -->
<testsuite hostname="DESKTOP-AEI6VM2" failures="0" tests="1" name="com.selenium.demo.Shawpno" time="3.060" errors="0" timestamp="2021-02-09T20:48:53 BDT" skipped="0">
  <testcase classname="com.selenium.demo.Shawpno" name="addProduct" time="3.060"/>
  <system-out/>
</testsuite> <!-- com.selenium.demo.Shawpno -->
